[ 2016-04-03T19:21:23+08:00 ] ::1 /thinkphprbac2/Public/top
INFO: [ app_init ] --START--
INFO: Run Behavior\BuildLiteBehavior [ RunTime:0.000014s ]
INFO: [ app_init ] --END-- [ RunTime:0.000080s ]
ERR: 无法加载模块:Public

[ 2016-04-03T19:21:23+08:00 ] ::1 /thinkphprbac2/Public/menu
INFO: [ app_init ] --START--
INFO: Run Behavior\BuildLiteBehavior [ RunTime:0.000012s ]
INFO: [ app_init ] --END-- [ RunTime:0.000060s ]
ERR: 无法加载模块:Public

[ 2016-04-03T19:21:23+08:00 ] ::1 /thinkphprbac2/Public/drag
INFO: [ app_init ] --START--
INFO: Run Behavior\BuildLiteBehavior [ RunTime:0.000012s ]
INFO: [ app_init ] --END-- [ RunTime:0.000060s ]
ERR: 无法加载模块:Public

[ 2016-04-03T19:21:23+08:00 ] ::1 /thinkphprbac2/Public/main
INFO: [ app_init ] --START--
INFO: Run Behavior\BuildLiteBehavior [ RunTime:0.000021s ]
INFO: [ app_init ] --END-- [ RunTime:0.000071s ]
ERR: 无法加载模块:Public

[ 2016-04-03T19:21:23+08:00 ] ::1 /thinkphprbac2/Public/footer
INFO: [ app_init ] --START--
INFO: Run Behavior\BuildLiteBehavior [ RunTime:0.000009s ]
INFO: [ app_init ] --END-- [ RunTime:0.000039s ]
ERR: 无法加载模块:Public

[ 2016-04-03T19:24:22+08:00 ] ::1 /thinkphprbac2/
INFO: [ app_init ] --START--
INFO: Run Behavior\BuildLiteBehavior [ RunTime:0.000008s ]
INFO: [ app_init ] --END-- [ RunTime:0.000038s ]

[ 2016-04-03T19:24:31+08:00 ] ::1 /thinkphprbac2/Public/menu
INFO: [ app_init ] --START--
INFO: Run Behavior\BuildLiteBehavior [ RunTime:0.000013s ]
INFO: [ app_init ] --END-- [ RunTime:0.000062s ]
ERR: 无法加载模块:Public

[ 2016-04-03T19:24:31+08:00 ] ::1 /thinkphprbac2/Public/top
INFO: [ app_init ] --START--
INFO: Run Behavior\BuildLiteBehavior [ RunTime:0.000012s ]
INFO: [ app_init ] --END-- [ RunTime:0.000064s ]
ERR: 无法加载模块:Public

[ 2016-04-03T19:24:31+08:00 ] ::1 /thinkphprbac2/Public/drag
INFO: [ app_init ] --START--
INFO: Run Behavior\BuildLiteBehavior [ RunTime:0.000013s ]
INFO: [ app_init ] --END-- [ RunTime:0.000074s ]
ERR: 无法加载模块:Public

[ 2016-04-03T19:24:31+08:00 ] ::1 /thinkphprbac2/Public/main
INFO: [ app_init ] --START--
INFO: Run Behavior\BuildLiteBehavior [ RunTime:0.000008s ]
INFO: [ app_init ] --END-- [ RunTime:0.000038s ]
ERR: 无法加载模块:Public

[ 2016-04-03T19:24:31+08:00 ] ::1 /thinkphprbac2/Public/footer
INFO: [ app_init ] --START--
INFO: Run Behavior\BuildLiteBehavior [ RunTime:0.000016s ]
INFO: [ app_init ] --END-- [ RunTime:0.000082s ]
ERR: 无法加载模块:Public

[ 2016-04-03T19:25:25+08:00 ] ::1 /thinkphprbac2/Public/top
INFO: [ app_init ] --START--
INFO: Run Behavior\BuildLiteBehavior [ RunTime:0.000012s ]
INFO: [ app_init ] --END-- [ RunTime:0.000059s ]
ERR: 无法加载模块:Public

[ 2016-04-03T19:25:25+08:00 ] ::1 /thinkphprbac2/Public/menu
INFO: [ app_init ] --START--
INFO: Run Behavior\BuildLiteBehavior [ RunTime:0.000014s ]
INFO: [ app_init ] --END-- [ RunTime:0.000066s ]
ERR: 无法加载模块:Public

[ 2016-04-03T19:25:25+08:00 ] ::1 /thinkphprbac2/Public/drag
INFO: [ app_init ] --START--
INFO: Run Behavior\BuildLiteBehavior [ RunTime:0.000011s ]
INFO: [ app_init ] --END-- [ RunTime:0.000058s ]
ERR: 无法加载模块:Public

[ 2016-04-03T19:25:25+08:00 ] ::1 /thinkphprbac2/Public/main
INFO: [ app_init ] --START--
INFO: Run Behavior\BuildLiteBehavior [ RunTime:0.000012s ]
INFO: [ app_init ] --END-- [ RunTime:0.000060s ]
ERR: 无法加载模块:Public

[ 2016-04-03T19:25:25+08:00 ] ::1 /thinkphprbac2/Public/footer
INFO: [ app_init ] --START--
INFO: Run Behavior\BuildLiteBehavior [ RunTime:0.000014s ]
INFO: [ app_init ] --END-- [ RunTime:0.000064s ]
ERR: 无法加载模块:Public

[ 2016-04-03T19:25:27+08:00 ] ::1 /thinkphprbac2/Public/top
INFO: [ app_init ] --START--
INFO: Run Behavior\BuildLiteBehavior [ RunTime:0.000012s ]
INFO: [ app_init ] --END-- [ RunTime:0.000061s ]
ERR: 无法加载模块:Public

[ 2016-04-03T19:25:27+08:00 ] ::1 /thinkphprbac2/Public/menu
INFO: [ app_init ] --START--
INFO: Run Behavior\BuildLiteBehavior [ RunTime:0.000011s ]
INFO: [ app_init ] --END-- [ RunTime:0.000054s ]
ERR: 无法加载模块:Public

[ 2016-04-03T19:25:27+08:00 ] ::1 /thinkphprbac2/Public/drag
INFO: [ app_init ] --START--
INFO: Run Behavior\BuildLiteBehavior [ RunTime:0.000012s ]
INFO: [ app_init ] --END-- [ RunTime:0.000062s ]
ERR: 无法加载模块:Public

[ 2016-04-03T19:25:27+08:00 ] ::1 /thinkphprbac2/Public/main
INFO: [ app_init ] --START--
INFO: Run Behavior\BuildLiteBehavior [ RunTime:0.000012s ]
INFO: [ app_init ] --END-- [ RunTime:0.000062s ]
ERR: 无法加载模块:Public

[ 2016-04-03T19:25:27+08:00 ] ::1 /thinkphprbac2/Public/footer
INFO: [ app_init ] --START--
INFO: Run Behavior\BuildLiteBehavior [ RunTime:0.000014s ]
INFO: [ app_init ] --END-- [ RunTime:0.000071s ]
ERR: 无法加载模块:Public

[ 2016-04-03T19:26:36+08:00 ] ::1 /thinkphprbac2/Public/Images/body_bg.gif
INFO: [ app_init ] --START--
INFO: Run Behavior\BuildLiteBehavior [ RunTime:0.000013s ]
INFO: [ app_init ] --END-- [ RunTime:0.000062s ]

[ 2016-04-03T19:26:38+08:00 ] ::1 /thinkphprbac2/Public/menu/tag/2/Public/images/comment.gif
INFO: [ app_init ] --START--
INFO: Run Behavior\BuildLiteBehavior [ RunTime:0.000013s ]
INFO: [ app_init ] --END-- [ RunTime:0.000063s ]

[ 2016-04-03T19:27:37+08:00 ] ::1 /thinkphprbac2/Public/Images/body_bg.gif
INFO: [ app_init ] --START--
INFO: Run Behavior\BuildLiteBehavior [ RunTime:0.000008s ]
INFO: [ app_init ] --END-- [ RunTime:0.000038s ]

[ 2016-04-03T19:27:38+08:00 ] ::1 /thinkphprbac2/Public/menu/tag/2/Public/images/comment.gif
INFO: [ app_init ] --START--
INFO: Run Behavior\BuildLiteBehavior [ RunTime:0.000009s ]
INFO: [ app_init ] --END-- [ RunTime:0.000041s ]

[ 2016-04-03T19:28:34+08:00 ] ::1 /thinkphprbac2/Public/Images/body_bg.gif
INFO: [ app_init ] --START--
INFO: Run Behavior\BuildLiteBehavior [ RunTime:0.000012s ]
INFO: [ app_init ] --END-- [ RunTime:0.000061s ]

[ 2016-04-03T19:28:35+08:00 ] ::1 /thinkphprbac2/Public/menu/tag/2/Public/images/comment.gif
INFO: [ app_init ] --START--
INFO: Run Behavior\BuildLiteBehavior [ RunTime:0.000012s ]
INFO: [ app_init ] --END-- [ RunTime:0.000057s ]

[ 2016-04-03T19:29:13+08:00 ] ::1 /thinkphprbac2/Public/Images/body_bg.gif
INFO: [ app_init ] --START--
INFO: Run Behavior\BuildLiteBehavior [ RunTime:0.000012s ]
INFO: [ app_init ] --END-- [ RunTime:0.000056s ]

[ 2016-04-03T19:29:14+08:00 ] ::1 /thinkphprbac2/Public/menu/tag/2/Public/images/comment.gif
INFO: [ app_init ] --START--
INFO: Run Behavior\BuildLiteBehavior [ RunTime:0.000014s ]
INFO: [ app_init ] --END-- [ RunTime:0.000066s ]

[ 2016-04-03T19:30:36+08:00 ] ::1 /thinkphprbac2/Public/Images/body_bg.gif
INFO: [ app_init ] --START--
INFO: Run Behavior\BuildLiteBehavior [ RunTime:0.000014s ]
INFO: [ app_init ] --END-- [ RunTime:0.000069s ]

[ 2016-04-03T19:30:38+08:00 ] ::1 /thinkphprbac2/Public/menu/tag/2/Public/images/comment.gif
INFO: [ app_init ] --START--
INFO: Run Behavior\BuildLiteBehavior [ RunTime:0.000011s ]
INFO: [ app_init ] --END-- [ RunTime:0.000059s ]

[ 2016-04-03T19:30:40+08:00 ] ::1 /thinkphprbac2/Public/images/desc.gif
INFO: [ app_init ] --START--
INFO: Run Behavior\BuildLiteBehavior [ RunTime:0.000009s ]
INFO: [ app_init ] --END-- [ RunTime:0.000039s ]

[ 2016-04-03T19:30:40+08:00 ] ::1 /thinkphprbac2/Node/index/__PUBLIC__/Images/ok.gif
INFO: [ app_init ] --START--
INFO: Run Behavior\BuildLiteBehavior [ RunTime:0.000012s ]
INFO: [ app_init ] --END-- [ RunTime:0.000056s ]

[ 2016-04-03T19:30:41+08:00 ] ::1 /thinkphprbac2/Role/index/__PUBLIC__/Images/ok.gif
INFO: [ app_init ] --START--
INFO: Run Behavior\BuildLiteBehavior [ RunTime:0.000012s ]
INFO: [ app_init ] --END-- [ RunTime:0.000114s ]

[ 2016-04-03T19:30:41+08:00 ] ::1 /thinkphprbac2/Public/images/desc.gif
INFO: [ app_init ] --START--
INFO: Run Behavior\BuildLiteBehavior [ RunTime:0.000010s ]
INFO: [ app_init ] --END-- [ RunTime:0.000055s ]

[ 2016-04-03T19:30:43+08:00 ] ::1 /thinkphprbac2/Public/images/desc.gif
INFO: [ app_init ] --START--
INFO: Run Behavior\BuildLiteBehavior [ RunTime:0.000009s ]
INFO: [ app_init ] --END-- [ RunTime:0.000042s ]

[ 2016-04-03T19:30:43+08:00 ] ::1 /thinkphprbac2/User/index/__PUBLIC__/Images/ok.gif
INFO: [ app_init ] --START--
INFO: Run Behavior\BuildLiteBehavior [ RunTime:0.000012s ]
INFO: [ app_init ] --END-- [ RunTime:0.000059s ]

[ 2016-04-03T19:30:45+08:00 ] ::1 /thinkphprbac2/Role/index/__PUBLIC__/Images/ok.gif
INFO: [ app_init ] --START--
INFO: Run Behavior\BuildLiteBehavior [ RunTime:0.000009s ]
INFO: [ app_init ] --END-- [ RunTime:0.000042s ]

[ 2016-04-03T19:30:45+08:00 ] ::1 /thinkphprbac2/Public/images/desc.gif
INFO: [ app_init ] --START--
INFO: Run Behavior\BuildLiteBehavior [ RunTime:0.000013s ]
INFO: [ app_init ] --END-- [ RunTime:0.000063s ]

[ 2016-04-03T19:30:48+08:00 ] ::1 /thinkphprbac2/Node/index/__PUBLIC__/Images/ok.gif
INFO: [ app_init ] --START--
INFO: Run Behavior\BuildLiteBehavior [ RunTime:0.000009s ]
INFO: [ app_init ] --END-- [ RunTime:0.000040s ]

[ 2016-04-03T19:30:48+08:00 ] ::1 /thinkphprbac2/Public/images/desc.gif
INFO: [ app_init ] --START--
INFO: Run Behavior\BuildLiteBehavior [ RunTime:0.000009s ]
INFO: [ app_init ] --END-- [ RunTime:0.000040s ]

[ 2016-04-03T19:30:57+08:00 ] ::1 /thinkphprbac2/Node/index/__PUBLIC__/Images/ok.gif
INFO: [ app_init ] --START--
INFO: Run Behavior\BuildLiteBehavior [ RunTime:0.000008s ]
INFO: [ app_init ] --END-- [ RunTime:0.000038s ]

[ 2016-04-03T19:30:57+08:00 ] ::1 /thinkphprbac2/Public/images/desc.gif
INFO: [ app_init ] --START--
INFO: Run Behavior\BuildLiteBehavior [ RunTime:0.000013s ]
INFO: [ app_init ] --END-- [ RunTime:0.000061s ]

[ 2016-04-03T19:30:58+08:00 ] ::1 /thinkphprbac2/Role/index/__PUBLIC__/Images/ok.gif
INFO: [ app_init ] --START--
INFO: Run Behavior\BuildLiteBehavior [ RunTime:0.000014s ]
INFO: [ app_init ] --END-- [ RunTime:0.000100s ]

[ 2016-04-03T19:30:58+08:00 ] ::1 /thinkphprbac2/Public/images/desc.gif
INFO: [ app_init ] --START--
INFO: Run Behavior\BuildLiteBehavior [ RunTime:0.000013s ]
INFO: [ app_init ] --END-- [ RunTime:0.000093s ]

[ 2016-04-03T19:30:58+08:00 ] ::1 /thinkphprbac2/Public/images/desc.gif
INFO: [ app_init ] --START--
INFO: Run Behavior\BuildLiteBehavior [ RunTime:0.000008s ]
INFO: [ app_init ] --END-- [ RunTime:0.000040s ]

[ 2016-04-03T19:30:58+08:00 ] ::1 /thinkphprbac2/User/index/__PUBLIC__/Images/ok.gif
INFO: [ app_init ] --START--
INFO: Run Behavior\BuildLiteBehavior [ RunTime:0.000010s ]
INFO: [ app_init ] --END-- [ RunTime:0.000042s ]

